-- The C compiler identification is GNU 11.4.0
-- The CXX compiler identification is GNU 11.4.0
-- Detecting C compiler ABI info
-- Detecting C compiler ABI info - done
-- Check for working C compiler: /usr/bin/cc - skipped
-- Detecting C compile features
-- Detecting C compile features - done
-- Detecting CXX compiler ABI info
-- Detecting CXX compiler ABI info - done
-- Check for working CXX compiler: /usr/bin/c++ - skipped
-- Detecting CXX compile features
-- Detecting CXX compile features - done
-- Found ament_cmake: 1.3.11 (/opt/ros/humble/share/ament_cmake/cmake)
-- Found Python3: /usr/bin/python3 (found version "3.10.12") found components: Interpreter 
-- Found rclcpp: 16.0.12 (/opt/ros/humble/share/rclcpp/cmake)
-- Found rosidl_generator_c: 3.1.6 (/opt/ros/humble/share/rosidl_generator_c/cmake)
-- Found rosidl_adapter: 3.1.6 (/opt/ros/humble/share/rosidl_adapter/cmake)
-- Found rosidl_generator_cpp: 3.1.6 (/opt/ros/humble/share/rosidl_generator_cpp/cmake)
-- Using all available rosidl_typesupport_c: rosidl_typesupport_fastrtps_c;rosidl_typesupport_introspection_c
-- Using all available rosidl_typesupport_cpp: rosidl_typesupport_fastrtps_cpp;rosidl_typesupport_introspection_cpp
-- Found rmw_implementation_cmake: 6.1.2 (/opt/ros/humble/share/rmw_implementation_cmake/cmake)
-- Found rmw_fastrtps_cpp: 6.2.7 (/opt/ros/humble/share/rmw_fastrtps_cpp/cmake)
-- Found OpenSSL: /usr/lib/x86_64-linux-gnu/libcrypto.so (found version "3.0.2")  
-- Found FastRTPS: /opt/ros/humble/include  
-- Using RMW implementation 'rmw_fastrtps_cpp' as default
-- Looking for pthread.h
-- Looking for pthread.h - found
-- Performing Test CMAKE_HAVE_LIBC_PTHREAD
-- Performing Test CMAKE_HAVE_LIBC_PTHREAD - Success
-- Found Threads: TRUE  
-- Found rclcpp_lifecycle: 16.0.12 (/opt/ros/humble/share/rclcpp_lifecycle/cmake)
-- Found hardware_interface: 2.49.0 (/opt/ros/humble/share/hardware_interface/cmake)
-- Found PkgConfig: /usr/bin/pkg-config (found version "0.29.2") 
-- Checking for module 'libserial'
--   Found libserial, version 1.0.0
-- Found ament_lint_auto: 0.12.12 (/opt/ros/humble/share/ament_lint_auto/cmake)
-- Added test 'cppcheck' to perform static code analysis on C / C++ code
-- Configured cppcheck include dirs: /home/roach/ros2_ws/src/robotarm_controller/include
-- Configured cppcheck exclude dirs and/or files: 
-- Added test 'flake8' to check Python code syntax and style conventions
-- Added test 'lint_cmake' to check CMake code style
-- Added test 'pep257' to check Python code against some of the docstring style conventions in PEP 257
-- Added test 'uncrustify' to check C / C++ code style
-- Configured uncrustify additional arguments: 
-- Added test 'xmllint' to check XML markup files
-- Configuring done
-- Generating done
-- Build files have been written to: /home/roach/ros2_ws/build/robotarm_controller
[ 50%] [32mBuilding CXX object CMakeFiles/robotarm_controller.dir/src/robotarm_interface.cpp.o[0m
[01m[K/home/roach/ros2_ws/src/robotarm_controller/src/robotarm_interface.cpp:116:10:[m[K [01;35m[Kwarning: [m[Kcharacter constant too long for its type
  116 |   cmd = {[01;35m[K'header'[m[K: 'j', 'joint_angle': j, 'ack': True}
      |          [01;35m[K^~~~~~~~[m[K
[01m[K/home/roach/ros2_ws/src/robotarm_controller/src/robotarm_interface.cpp:116:25:[m[K [01;35m[Kwarning: [m[Kcharacter constant too long for its type
  116 |   cmd = {'header': 'j', [01;35m[K'joint_angle'[m[K: j, 'ack': True}
      |                         [01;35m[K^~~~~~~~~~~~~[m[K
[01m[K/home/roach/ros2_ws/src/robotarm_controller/src/robotarm_interface.cpp:116:43:[m[K [01;35m[Kwarning: [m[Kmulti-character character constant [[01;35m[K]8;;https://gcc.gnu.org/onlinedocs/gcc/Warning-Options.html#index-Wmultichar-Wmultichar]8;;[m[K]
  116 |   cmd = {'header': 'j', 'joint_angle': j, [01;35m[K'ack'[m[K: True}
      |                                           [01;35m[K^~~~~[m[K
In file included from [01m[K/home/roach/ros2_ws/src/robotarm_controller/src/robotarm_interface.cpp:1[m[K:
[01m[K/home/roach/ros2_ws/src/robotarm_controller/include/robotarm_controller/robotarm_interface.hpp:48:6:[m[K [01;31m[Kerror: [m[Kexpected â€˜[01m[K;[m[Kâ€™ after class definition
   48 |     }
      |      [01;31m[K^[m[K
      |      [32m[K;[m[K
[01m[K/home/roach/ros2_ws/src/robotarm_controller/src/robotarm_interface.cpp:[m[K In destructor â€˜[01m[Kvirtual robotarm_controller::RobotArmInterface::~RobotArmInterface()[m[Kâ€™:
[01m[K/home/roach/ros2_ws/src/robotarm_controller/src/robotarm_interface.cpp:20:47:[m[K [01;31m[Kerror: [m[Kexpected unqualified-id before â€˜[01m[K&[m[Kâ€™ token
   20 |     } catch (const LibSerial::SerialPortError [01;31m[K&[m[Ke) {
      |                                               [01;31m[K^[m[K
[01m[K/home/roach/ros2_ws/src/robotarm_controller/src/robotarm_interface.cpp:20:46:[m[K [01;31m[Kerror: [m[Kexpected â€˜[01m[K)[m[Kâ€™ before â€˜[01m[K&[m[Kâ€™ token
   20 |     } catch [34m[K([m[Kconst LibSerial::SerialPortError[01;31m[K [m[K[32m[K&[m[Ke) {
      |             [34m[K~[m[K                                [01;31m[K^[m[K[32m[K~[m[K
      |                                              [32m[K)[m[K
[01m[K/home/roach/ros2_ws/src/robotarm_controller/src/robotarm_interface.cpp:20:47:[m[K [01;31m[Kerror: [m[Kexpected â€˜[01m[K{[m[Kâ€™ before â€˜[01m[K&[m[Kâ€™ token
   20 |     } catch (const LibSerial::SerialPortError [01;31m[K&[m[Ke) {
      |                                               [01;31m[K^[m[K
[01m[K/home/roach/ros2_ws/src/robotarm_controller/src/robotarm_interface.cpp:20:48:[m[K [01;31m[Kerror: [m[Kâ€˜[01m[Ke[m[Kâ€™ was not declared in this scope
   20 |     } catch (const LibSerial::SerialPortError &[01;31m[Ke[m[K) {
      |                                                [01;31m[K^[m[K
[01m[K/home/roach/ros2_ws/src/robotarm_controller/src/robotarm_interface.cpp:[m[K In member function â€˜[01m[Kvirtual robotarm_controller::CallbackReturn robotarm_controller::RobotArmInterface::on_init(const hardware_interface::HardwareInfo&)[m[Kâ€™:
[01m[K/home/roach/ros2_ws/src/robotarm_controller/src/robotarm_interface.cpp:33:44:[m[K [01;31m[Kerror: [m[Kpassing â€˜[01m[Kconst std::unordered_map<std::__cxx11::basic_string<char>, std::__cxx11::basic_string<char> >[m[Kâ€™ as â€˜[01m[Kthis[m[Kâ€™ argument discards qualifiers [[01;31m[K]8;;https://gcc.gnu.org/onlinedocs/gcc/Warning-Options.html#index-fpermissive-fpermissive]8;;[m[K]
   33 |     port_ = info.hardware_parameters["port"[01;31m[K][m[K;
      |                                            [01;31m[K^[m[K
In file included from [01m[K/usr/include/c++/11/unordered_map:47[m[K,
                 from [01m[K/opt/ros/humble/include/rclcpp/rclcpp/executors/multi_threaded_executor.hpp:23[m[K,
                 from [01m[K/opt/ros/humble/include/rclcpp/rclcpp/executors.hpp:21[m[K,
                 from [01m[K/opt/ros/humble/include/rclcpp/rclcpp/rclcpp.hpp:155[m[K,
                 from [01m[K/home/roach/ros2_ws/src/robotarm_controller/include/robotarm_controller/robotarm_interface.hpp:5[m[K,
                 from [01m[K/home/roach/ros2_ws/src/robotarm_controller/src/robotarm_interface.cpp:1[m[K:
[01m[K/usr/include/c++/11/bits/unordered_map.h:983:7:[m[K [01;36m[Knote: [m[K  in call to â€˜[01m[Kstd::unordered_map<_Key, _Tp, _Hash, _Pred, _Alloc>::mapped_type& std::unordered_map<_Key, _Tp, _Hash, _Pred, _Alloc>::operator[](std::unordered_map<_Key, _Tp, _Hash, _Pred, _Alloc>::key_type&&) [with _Key = std::__cxx11::basic_string<char>; _Tp = std::__cxx11::basic_string<char>; _Hash = std::hash<std::__cxx11::basic_string<char> >; _Pred = std::equal_to<std::__cxx11::basic_string<char> >; _Alloc = std::allocator<std::pair<const std::__cxx11::basic_string<char>, std::__cxx11::basic_string<char> > >; std::unordered_map<_Key, _Tp, _Hash, _Pred, _Alloc>::mapped_type = std::__cxx11::basic_string<char>; std::unordered_map<_Key, _Tp, _Hash, _Pred, _Alloc>::key_type = std::__cxx11::basic_string<char>][m[Kâ€™
  983 |       [01;36m[Koperator[m[K[](key_type&& __k)
      |       [01;36m[K^~~~~~~~[m[K
[01m[K/home/roach/ros2_ws/src/robotarm_controller/src/robotarm_interface.cpp:35:36:[m[K [01;31m[Kerror: [m[Kâ€˜[01m[KLibSerial::SerialStreamBuf[m[Kâ€™ has not been declared
   35 |     arduino.SetBaudRate(LibSerial::[01;31m[KSerialStreamBuf[m[K::BAUD_115200);
      |                                    [01;31m[K^~~~~~~~~~~~~~~[m[K
[01m[K/home/roach/ros2_ws/src/robotarm_controller/src/robotarm_interface.cpp:36:45:[m[K [01;31m[Kerror: [m[Kexpected unqualified-id before â€˜[01m[K&[m[Kâ€™ token
   36 |   } catch (const LibSerial::SerialPortError [01;31m[K&[m[Ke) {
      |                                             [01;31m[K^[m[K
[01m[K/home/roach/ros2_ws/src/robotarm_controller/src/robotarm_interface.cpp:36:44:[m[K [01;31m[Kerror: [m[Kexpected â€˜[01m[K)[m[Kâ€™ before â€˜[01m[K&[m[Kâ€™ token
   36 |   } catch [34m[K([m[Kconst LibSerial::SerialPortError[01;31m[K [m[K[32m[K&[m[Ke) {
      |           [34m[K~[m[K                                [01;31m[K^[m[K[32m[K~[m[K
      |                                            [32m[K)[m[K
[01m[K/home/roach/ros2_ws/src/robotarm_controller/src/robotarm_interface.cpp:36:45:[m[K [01;31m[Kerror: [m[Kexpected â€˜[01m[K{[m[Kâ€™ before â€˜[01m[K&[m[Kâ€™ token
   36 |   } catch (const LibSerial::SerialPortError [01;31m[K&[m[Ke) {
      |                                             [01;31m[K^[m[K
[01m[K/home/roach/ros2_ws/src/robotarm_controller/src/robotarm_interface.cpp:36:46:[m[K [01;31m[Kerror: [m[Kâ€˜[01m[Ke[m[Kâ€™ was not declared in this scope
   36 |   } catch (const LibSerial::SerialPortError &[01;31m[Ke[m[K) {
      |                                              [01;31m[K^[m[K
[01m[K/home/roach/ros2_ws/src/robotarm_controller/src/robotarm_interface.cpp:42:3:[m[K [01;31m[Kerror: [m[Kâ€˜[01m[Kposition_commands_[m[Kâ€™ was not declared in this scope; did you mean â€˜[01m[Kpositions_commands_[m[Kâ€™?
   42 |   [01;31m[Kposition_commands_[m[K.resize(info_.joints.size(), 0);
      |   [01;31m[K^~~~~~~~~~~~~~~~~~[m[K
      |   [32m[Kpositions_commands_[m[K
[01m[K/home/roach/ros2_ws/src/robotarm_controller/src/robotarm_interface.cpp:44:3:[m[K [01;31m[Kerror: [m[Kâ€˜[01m[Kprev_position_commands__[m[Kâ€™ was not declared in this scope; did you mean â€˜[01m[Kprev_position_commands_[m[Kâ€™?
   44 |   [01;31m[Kprev_position_commands__[m[K.resize(info_.joints.size(), 0);
      |   [01;31m[K^~~~~~~~~~~~~~~~~~~~~~~~[m[K
      |   [32m[Kprev_position_commands_[m[K
[01m[K/home/roach/ros2_ws/src/robotarm_controller/src/robotarm_interface.cpp:[m[K In member function â€˜[01m[Kvirtual robotarm_controller::CallbackReturn robotarm_controller::RobotArmInterface::on_deactivate(const rclcpp_lifecycle::State&)[m[Kâ€™:
[01m[K/home/roach/ros2_ws/src/robotarm_controller/src/robotarm_interface.cpp:64:47:[m[K [01;31m[Kerror: [m[Kexpected unqualified-id before â€˜[01m[K&[m[Kâ€™ token
   64 |     } catch (const LibSerial::SerialPortError [01;31m[K&[m[Ke) {
      |                                               [01;31m[K^[m[K
[01m[K/home/roach/ros2_ws/src/robotarm_controller/src/robotarm_interface.cpp:64:46:[m[K [01;31m[Kerror: [m[Kexpected â€˜[01m[K)[m[Kâ€™ before â€˜[01m[K&[m[Kâ€™ token
   64 |     } catch [34m[K([m[Kconst LibSerial::SerialPortError[01;31m[K [m[K[32m[K&[m[Ke) {
      |             [34m[K~[m[K                                [01;31m[K^[m[K[32m[K~[m[K
      |                                              [32m[K)[m[K
[01m[K/home/roach/ros2_ws/src/robotarm_controller/src/robotarm_interface.cpp:64:47:[m[K [01;31m[Kerror: [m[Kexpected â€˜[01m[K{[m[Kâ€™ before â€˜[01m[K&[m[Kâ€™ token
   64 |     } catch (const LibSerial::SerialPortError [01;31m[K&[m[Ke) {
      |                                               [01;31m[K^[m[K
[01m[K/home/roach/ros2_ws/src/robotarm_controller/src/robotarm_interface.cpp:64:48:[m[K [01;31m[Kerror: [m[Kâ€˜[01m[Ke[m[Kâ€™ was not declared in this scope
   64 |     } catch (const LibSerial::SerialPortError &[01;31m[Ke[m[K) {
      |                                                [01;31m[K^[m[K
[01m[K/home/roach/ros2_ws/src/robotarm_controller/src/robotarm_interface.cpp:[m[K In member function â€˜[01m[Kvirtual std::vector<hardware_interface::CommandInterface> robotarm_controller::RobotArmInterface::export_command_interfaces()[m[Kâ€™:
[01m[K/home/roach/ros2_ws/src/robotarm_controller/src/robotarm_interface.cpp:95:8:[m[K [01;31m[Kerror: [m[Kâ€˜[01m[Kposition_commands_[m[Kâ€™ was not declared in this scope; did you mean â€˜[01m[Kpositions_commands_[m[Kâ€™?
   95 |       &[01;31m[Kposition_commands_[m[K[i]);
      |        [01;31m[K^~~~~~~~~~~~~~~~~~[m[K
      |        [32m[Kpositions_commands_[m[K
[01m[K/home/roach/ros2_ws/src/robotarm_controller/src/robotarm_interface.cpp:[m[K At global scope:
[01m[K/home/roach/ros2_ws/src/robotarm_controller/src/robotarm_interface.cpp:100:33:[m[K [01;31m[Kerror: [m[Kno declaration matches â€˜[01m[Khardware_interface::return_type robotarm_controller::RobotArmInterface::read()[m[Kâ€™
  100 | hardware_interface::return_type [01;31m[KRobotArmInterface[m[K::read()
      |                                 [01;31m[K^~~~~~~~~~~~~~~~~[m[K
In file included from [01m[K/home/roach/ros2_ws/src/robotarm_controller/src/robotarm_interface.cpp:1[m[K:
[01m[K/home/roach/ros2_ws/src/robotarm_controller/include/robotarm_controller/robotarm_interface.hpp:31:41:[m[K [01;36m[Knote: [m[Kcandidate is: â€˜[01m[Kvirtual hardware_interface::return_type robotarm_controller::RobotArmInterface::read(const rclcpp::Time&, const rclcpp::Duration&)[m[Kâ€™
   31 |         hardware_interface::return_type [01;36m[Kread[m[K(const rclcpp::Time & time, const rclcpp::Duration & period) override;
      |                                         [01;36m[K^~~~[m[K
[01m[K/home/roach/ros2_ws/src/robotarm_controller/include/robotarm_controller/robotarm_interface.hpp:18:11:[m[K [01;36m[Knote: [m[Kâ€˜[01m[Kclass robotarm_controller::RobotArmInterface[m[Kâ€™ defined here
   18 |     class [01;36m[KRobotArmInterface[m[K : public hardware_interface::SystemInterface
      |           [01;36m[K^~~~~~~~~~~~~~~~~[m[K
[01m[K/home/roach/ros2_ws/src/robotarm_controller/src/robotarm_interface.cpp:110:33:[m[K [01;31m[Kerror: [m[Kno declaration matches â€˜[01m[Khardware_interface::return_type robotarm_controller::RobotArmInterface::write()[m[Kâ€™
  110 | hardware_interface::return_type [01;31m[KRobotArmInterface[m[K::write()
      |                                 [01;31m[K^~~~~~~~~~~~~~~~~[m[K
In file included from [01m[K/home/roach/ros2_ws/src/robotarm_controller/src/robotarm_interface.cpp:1[m[K:
[01m[K/home/roach/ros2_ws/src/robotarm_controller/include/robotarm_controller/robotarm_interface.hpp:32:41:[m[K [01;36m[Knote: [m[Kcandidate is: â€˜[01m[Kvirtual hardware_interface::return_type robotarm_controller::RobotArmInterface::write(const rclcpp::Time&, const rclcpp::Duration&)[m[Kâ€™
   32 |         hardware_interface::return_type [01;36m[Kwrite[m[K(const rclcpp::Time & time, const rclcpp::Duration & period) override;
      |                                         [01;36m[K^~~~~[m[K
[01m[K/home/roach/ros2_ws/src/robotarm_controller/include/robotarm_controller/robotarm_interface.hpp:18:11:[m[K [01;36m[Knote: [m[Kâ€˜[01m[Kclass robotarm_controller::RobotArmInterface[m[Kâ€™ defined here
   18 |     class [01;36m[KRobotArmInterface[m[K : public hardware_interface::SystemInterface
      |           [01;36m[K^~~~~~~~~~~~~~~~~[m[K
gmake[2]: *** [CMakeFiles/robotarm_controller.dir/build.make:76: CMakeFiles/robotarm_controller.dir/src/robotarm_interface.cpp.o] Error 1
gmake[1]: *** [CMakeFiles/Makefile2:137: CMakeFiles/robotarm_controller.dir/all] Error 2
gmake: *** [Makefile:146: all] Error 2
