[0.010s] Invoking command in '/home/roach/ros2_ws/build/robotarm_controller': CMAKE_PREFIX_PATH=/opt/ros/humble /usr/bin/cmake --build /home/roach/ros2_ws/build/robotarm_controller -- -j8 -l8
[0.058s] [35m[1mConsolidate compiler generated dependencies of target robotarm_controller[0m
[0.075s] [ 50%] [32mBuilding CXX object CMakeFiles/robotarm_controller.dir/src/robotarm_interface.cpp.o[0m
[2.380s] [01m[K/home/roach/ros2_ws/src/robotarm_controller/src/robotarm_interface.cpp:[m[K In member function â€˜[01m[Kvirtual robotarm_controller::CallbackReturn robotarm_controller::RobotArmInterface::on_init(const hardware_interface::HardwareInfo&)[m[Kâ€™:
[2.380s] [01m[K/home/roach/ros2_ws/src/robotarm_controller/src/robotarm_interface.cpp:33:40:[m[K [01;31m[Kerror: [m[Kinvalid types â€˜[01m[K<unresolved overloaded function type>[const char [5]][m[Kâ€™ for array subscript
[2.380s]    33 |     port_ = info.hardware_parameters.at[01;31m[K[[m[K"port"];
[2.381s]       |                                        [01;31m[K^[m[K
[2.381s] [01m[K/home/roach/ros2_ws/src/robotarm_controller/src/robotarm_interface.cpp:35:36:[m[K [01;31m[Kerror: [m[Kâ€˜[01m[KLibSerial::SerialStreamBuf[m[Kâ€™ has not been declared
[2.381s]    35 |     arduino.SetBaudRate(LibSerial::[01;31m[KSerialStreamBuf[m[K::BAUD_115200);
[2.381s]       |                                    [01;31m[K^~~~~~~~~~~~~~~[m[K
[2.385s] [01m[K/home/roach/ros2_ws/src/robotarm_controller/src/robotarm_interface.cpp:42:3:[m[K [01;31m[Kerror: [m[Kâ€˜[01m[Kposition_commands_[m[Kâ€™ was not declared in this scope; did you mean â€˜[01m[Kpositions_commands_[m[Kâ€™?
[2.385s]    42 |   [01;31m[Kposition_commands_[m[K.resize(info_.joints.size(), 0.0);
[2.385s]       |   [01;31m[K^~~~~~~~~~~~~~~~~~[m[K
[2.385s]       |   [32m[Kpositions_commands_[m[K
[2.389s] [01m[K/home/roach/ros2_ws/src/robotarm_controller/src/robotarm_interface.cpp:44:3:[m[K [01;31m[Kerror: [m[Kâ€˜[01m[Kprev_position_commands__[m[Kâ€™ was not declared in this scope; did you mean â€˜[01m[Kprev_position_commands_[m[Kâ€™?
[2.389s]    44 |   [01;31m[Kprev_position_commands__[m[K.resize(info_.joints.size(), 0.0);
[2.390s]       |   [01;31m[K^~~~~~~~~~~~~~~~~~~~~~~~[m[K
[2.390s]       |   [32m[Kprev_position_commands_[m[K
[2.400s] [01m[K/home/roach/ros2_ws/src/robotarm_controller/src/robotarm_interface.cpp:[m[K In member function â€˜[01m[Kvirtual std::vector<hardware_interface::CommandInterface> robotarm_controller::RobotArmInterface::export_command_interfaces()[m[Kâ€™:
[2.400s] [01m[K/home/roach/ros2_ws/src/robotarm_controller/src/robotarm_interface.cpp:95:8:[m[K [01;31m[Kerror: [m[Kâ€˜[01m[Kposition_commands_[m[Kâ€™ was not declared in this scope; did you mean â€˜[01m[Kpositions_commands_[m[Kâ€™?
[2.400s]    95 |       &[01;31m[Kposition_commands_[m[K[i]);
[2.400s]       |        [01;31m[K^~~~~~~~~~~~~~~~~~[m[K
[2.401s]       |        [32m[Kpositions_commands_[m[K
[2.401s] [01m[K/home/roach/ros2_ws/src/robotarm_controller/src/robotarm_interface.cpp:[m[K At global scope:
[2.401s] [01m[K/home/roach/ros2_ws/src/robotarm_controller/src/robotarm_interface.cpp:100:33:[m[K [01;31m[Kerror: [m[Kno declaration matches â€˜[01m[Khardware_interface::return_type robotarm_controller::RobotArmInterface::read()[m[Kâ€™
[2.401s]   100 | hardware_interface::return_type [01;31m[KRobotArmInterface[m[K::read()
[2.401s]       |                                 [01;31m[K^~~~~~~~~~~~~~~~~[m[K
[2.401s] In file included from [01m[K/home/roach/ros2_ws/src/robotarm_controller/src/robotarm_interface.cpp:1[m[K:
[2.401s] [01m[K/home/roach/ros2_ws/src/robotarm_controller/include/robotarm_controller/robotarm_interface.hpp:31:41:[m[K [01;36m[Knote: [m[Kcandidate is: â€˜[01m[Kvirtual hardware_interface::return_type robotarm_controller::RobotArmInterface::read(const rclcpp::Time&, const rclcpp::Duration&)[m[Kâ€™
[2.401s]    31 |         hardware_interface::return_type [01;36m[Kread[m[K(const rclcpp::Time & time, const rclcpp::Duration & period) override;
[2.401s]       |                                         [01;36m[K^~~~[m[K
[2.401s] [01m[K/home/roach/ros2_ws/src/robotarm_controller/include/robotarm_controller/robotarm_interface.hpp:18:11:[m[K [01;36m[Knote: [m[Kâ€˜[01m[Kclass robotarm_controller::RobotArmInterface[m[Kâ€™ defined here
[2.401s]    18 |     class [01;36m[KRobotArmInterface[m[K : public hardware_interface::SystemInterface
[2.401s]       |           [01;36m[K^~~~~~~~~~~~~~~~~[m[K
[2.401s] [01m[K/home/roach/ros2_ws/src/robotarm_controller/src/robotarm_interface.cpp:110:33:[m[K [01;31m[Kerror: [m[Kno declaration matches â€˜[01m[Khardware_interface::return_type robotarm_controller::RobotArmInterface::write()[m[Kâ€™
[2.401s]   110 | hardware_interface::return_type [01;31m[KRobotArmInterface[m[K::write()
[2.402s]       |                                 [01;31m[K^~~~~~~~~~~~~~~~~[m[K
[2.402s] In file included from [01m[K/home/roach/ros2_ws/src/robotarm_controller/src/robotarm_interface.cpp:1[m[K:
[2.402s] [01m[K/home/roach/ros2_ws/src/robotarm_controller/include/robotarm_controller/robotarm_interface.hpp:32:41:[m[K [01;36m[Knote: [m[Kcandidate is: â€˜[01m[Kvirtual hardware_interface::return_type robotarm_controller::RobotArmInterface::write(const rclcpp::Time&, const rclcpp::Duration&)[m[Kâ€™
[2.402s]    32 |         hardware_interface::return_type [01;36m[Kwrite[m[K(const rclcpp::Time & time, const rclcpp::Duration & period) override;
[2.402s]       |                                         [01;36m[K^~~~~[m[K
[2.402s] [01m[K/home/roach/ros2_ws/src/robotarm_controller/include/robotarm_controller/robotarm_interface.hpp:18:11:[m[K [01;36m[Knote: [m[Kâ€˜[01m[Kclass robotarm_controller::RobotArmInterface[m[Kâ€™ defined here
[2.402s]    18 |     class [01;36m[KRobotArmInterface[m[K : public hardware_interface::SystemInterface
[2.402s]       |           [01;36m[K^~~~~~~~~~~~~~~~~[m[K
[2.936s] gmake[2]: *** [CMakeFiles/robotarm_controller.dir/build.make:76: CMakeFiles/robotarm_controller.dir/src/robotarm_interface.cpp.o] Error 1
[2.937s] gmake[1]: *** [CMakeFiles/Makefile2:137: CMakeFiles/robotarm_controller.dir/all] Error 2
[2.937s] gmake: *** [Makefile:146: all] Error 2
[2.939s] Invoked command in '/home/roach/ros2_ws/build/robotarm_controller' returned '2': CMAKE_PREFIX_PATH=/opt/ros/humble /usr/bin/cmake --build /home/roach/ros2_ws/build/robotarm_controller -- -j8 -l8
