[0.010s] Invoking command in '/home/roach/ros2_ws/build/robotarm_controller': CMAKE_PREFIX_PATH=/opt/ros/humble /usr/bin/cmake /home/roach/ros2_ws/src/robotarm_controller -DAMENT_CMAKE_SYMLINK_INSTALL=1 -DCMAKE_INSTALL_PREFIX=/home/roach/ros2_ws/install/robotarm_controller
[0.022s] -- Found ament_cmake: 1.3.11 (/opt/ros/humble/share/ament_cmake/cmake)
[0.129s] -- Override CMake install command with custom implementation using symlinks instead of copying resources
[0.136s] -- Found rclcpp: 16.0.12 (/opt/ros/humble/share/rclcpp/cmake)
[0.162s] -- Found rosidl_generator_c: 3.1.6 (/opt/ros/humble/share/rosidl_generator_c/cmake)
[0.164s] -- Found rosidl_adapter: 3.1.6 (/opt/ros/humble/share/rosidl_adapter/cmake)
[0.169s] -- Found rosidl_generator_cpp: 3.1.6 (/opt/ros/humble/share/rosidl_generator_cpp/cmake)
[0.178s] -- Using all available rosidl_typesupport_c: rosidl_typesupport_fastrtps_c;rosidl_typesupport_introspection_c
[0.189s] -- Using all available rosidl_typesupport_cpp: rosidl_typesupport_fastrtps_cpp;rosidl_typesupport_introspection_cpp
[0.221s] -- Found rmw_implementation_cmake: 6.1.2 (/opt/ros/humble/share/rmw_implementation_cmake/cmake)
[0.222s] -- Found rmw_fastrtps_cpp: 6.2.7 (/opt/ros/humble/share/rmw_fastrtps_cpp/cmake)
[0.313s] -- Using RMW implementation 'rmw_fastrtps_cpp' as default
[0.360s] -- Found rclcpp_lifecycle: 16.0.12 (/opt/ros/humble/share/rclcpp_lifecycle/cmake)
[0.374s] -- Found hardware_interface: 2.49.0 (/opt/ros/humble/share/hardware_interface/cmake)
[0.491s] -- Found ament_lint_auto: 0.12.12 (/opt/ros/humble/share/ament_lint_auto/cmake)
[0.564s] -- Added test 'cppcheck' to perform static code analysis on C / C++ code
[0.565s] -- Configured cppcheck include dirs: /home/roach/ros2_ws/src/robotarm_controller/include
[0.565s] -- Configured cppcheck exclude dirs and/or files: 
[0.565s] -- Added test 'flake8' to check Python code syntax and style conventions
[0.565s] -- Added test 'lint_cmake' to check CMake code style
[0.566s] -- Added test 'pep257' to check Python code against some of the docstring style conventions in PEP 257
[0.567s] -- Added test 'uncrustify' to check C / C++ code style
[0.567s] -- Configured uncrustify additional arguments: 
[0.567s] -- Added test 'xmllint' to check XML markup files
[0.568s] -- Configuring done
[0.598s] -- Generating done
[0.604s] -- Build files have been written to: /home/roach/ros2_ws/build/robotarm_controller
[0.617s] Invoked command in '/home/roach/ros2_ws/build/robotarm_controller' returned '0': CMAKE_PREFIX_PATH=/opt/ros/humble /usr/bin/cmake /home/roach/ros2_ws/src/robotarm_controller -DAMENT_CMAKE_SYMLINK_INSTALL=1 -DCMAKE_INSTALL_PREFIX=/home/roach/ros2_ws/install/robotarm_controller
[0.619s] Invoking command in '/home/roach/ros2_ws/build/robotarm_controller': CMAKE_PREFIX_PATH=/opt/ros/humble /usr/bin/cmake --build /home/roach/ros2_ws/build/robotarm_controller -- -j8 -l8
[0.659s] [35m[1mConsolidate compiler generated dependencies of target robotarm_controller[0m
[0.676s] [ 50%] [32mBuilding CXX object CMakeFiles/robotarm_controller.dir/src/robotarm_interface.cpp.o[0m
[2.860s] In file included from [01m[K/home/roach/ros2_ws/src/robotarm_controller/src/robotarm_interface.cpp:1[m[K:
[2.860s] [01m[K/home/roach/ros2_ws/src/robotarm_controller/include/robotarm_controller/robotarm_interface.hpp:48:6:[m[K [01;31m[Kerror: [m[Kexpected â€˜[01m[K;[m[Kâ€™ after class definition
[2.860s]    48 |     }
[2.860s]       |      [01;31m[K^[m[K
[2.860s]       |      [32m[K;[m[K
[2.861s] [01m[K/home/roach/ros2_ws/src/robotarm_controller/src/robotarm_interface.cpp:[m[K In destructor â€˜[01m[Kvirtual robotarm_controller::RobotArmInterface::~RobotArmInterface()[m[Kâ€™:
[2.861s] [01m[K/home/roach/ros2_ws/src/robotarm_controller/src/robotarm_interface.cpp:20:47:[m[K [01;31m[Kerror: [m[Kexpected unqualified-id before â€˜[01m[K&[m[Kâ€™ token
[2.861s]    20 |     } catch (const LibSerial::SerialPortError [01;31m[K&[m[Ke) {
[2.861s]       |                                               [01;31m[K^[m[K
[2.861s] [01m[K/home/roach/ros2_ws/src/robotarm_controller/src/robotarm_interface.cpp:20:46:[m[K [01;31m[Kerror: [m[Kexpected â€˜[01m[K)[m[Kâ€™ before â€˜[01m[K&[m[Kâ€™ token
[2.861s]    20 |     } catch [34m[K([m[Kconst LibSerial::SerialPortError[01;31m[K [m[K[32m[K&[m[Ke) {
[2.861s]       |             [34m[K~[m[K                                [01;31m[K^[m[K[32m[K~[m[K
[2.861s]       |                                              [32m[K)[m[K
[2.861s] [01m[K/home/roach/ros2_ws/src/robotarm_controller/src/robotarm_interface.cpp:20:47:[m[K [01;31m[Kerror: [m[Kexpected â€˜[01m[K{[m[Kâ€™ before â€˜[01m[K&[m[Kâ€™ token
[2.861s]    20 |     } catch (const LibSerial::SerialPortError [01;31m[K&[m[Ke) {
[2.861s]       |                                               [01;31m[K^[m[K
[2.865s] [01m[K/home/roach/ros2_ws/src/robotarm_controller/src/robotarm_interface.cpp:20:48:[m[K [01;31m[Kerror: [m[Kâ€˜[01m[Ke[m[Kâ€™ was not declared in this scope
[2.865s]    20 |     } catch (const LibSerial::SerialPortError &[01;31m[Ke[m[K) {
[2.865s]       |                                                [01;31m[K^[m[K
[2.865s] [01m[K/home/roach/ros2_ws/src/robotarm_controller/src/robotarm_interface.cpp:[m[K In member function â€˜[01m[Kvirtual robotarm_controller::CallbackReturn robotarm_controller::RobotArmInterface::on_init(const hardware_interface::HardwareInfo&)[m[Kâ€™:
[2.866s] [01m[K/home/roach/ros2_ws/src/robotarm_controller/src/robotarm_interface.cpp:33:44:[m[K [01;31m[Kerror: [m[Kpassing â€˜[01m[Kconst std::unordered_map<std::__cxx11::basic_string<char>, std::__cxx11::basic_string<char> >[m[Kâ€™ as â€˜[01m[Kthis[m[Kâ€™ argument discards qualifiers [[01;31m[K]8;;https://gcc.gnu.org/onlinedocs/gcc/Warning-Options.html#index-fpermissive-fpermissive]8;;[m[K]
[2.866s]    33 |     port_ = info.hardware_parameters["port"[01;31m[K][m[K;
[2.866s]       |                                            [01;31m[K^[m[K
[2.866s] In file included from [01m[K/usr/include/c++/11/unordered_map:47[m[K,
[2.866s]                  from [01m[K/opt/ros/humble/include/rclcpp/rclcpp/executors/multi_threaded_executor.hpp:23[m[K,
[2.866s]                  from [01m[K/opt/ros/humble/include/rclcpp/rclcpp/executors.hpp:21[m[K,
[2.866s]                  from [01m[K/opt/ros/humble/include/rclcpp/rclcpp/rclcpp.hpp:155[m[K,
[2.866s]                  from [01m[K/home/roach/ros2_ws/src/robotarm_controller/include/robotarm_controller/robotarm_interface.hpp:5[m[K,
[2.866s]                  from [01m[K/home/roach/ros2_ws/src/robotarm_controller/src/robotarm_interface.cpp:1[m[K:
[2.867s] [01m[K/usr/include/c++/11/bits/unordered_map.h:983:7:[m[K [01;36m[Knote: [m[K  in call to â€˜[01m[Kstd::unordered_map<_Key, _Tp, _Hash, _Pred, _Alloc>::mapped_type& std::unordered_map<_Key, _Tp, _Hash, _Pred, _Alloc>::operator[](std::unordered_map<_Key, _Tp, _Hash, _Pred, _Alloc>::key_type&&) [with _Key = std::__cxx11::basic_string<char>; _Tp = std::__cxx11::basic_string<char>; _Hash = std::hash<std::__cxx11::basic_string<char> >; _Pred = std::equal_to<std::__cxx11::basic_string<char> >; _Alloc = std::allocator<std::pair<const std::__cxx11::basic_string<char>, std::__cxx11::basic_string<char> > >; std::unordered_map<_Key, _Tp, _Hash, _Pred, _Alloc>::mapped_type = std::__cxx11::basic_string<char>; std::unordered_map<_Key, _Tp, _Hash, _Pred, _Alloc>::key_type = std::__cxx11::basic_string<char>][m[Kâ€™
[2.867s]   983 |       [01;36m[Koperator[m[K[](key_type&& __k)
[2.867s]       |       [01;36m[K^~~~~~~~[m[K
[2.867s] [01m[K/home/roach/ros2_ws/src/robotarm_controller/src/robotarm_interface.cpp:35:36:[m[K [01;31m[Kerror: [m[Kâ€˜[01m[KLibSerial::SerialStreamBuf[m[Kâ€™ has not been declared
[2.867s]    35 |     arduino.SetBaudRate(LibSerial::[01;31m[KSerialStreamBuf[m[K::BAUD_115200);
[2.867s]       |                                    [01;31m[K^~~~~~~~~~~~~~~[m[K
[2.867s] [01m[K/home/roach/ros2_ws/src/robotarm_controller/src/robotarm_interface.cpp:36:45:[m[K [01;31m[Kerror: [m[Kexpected unqualified-id before â€˜[01m[K&[m[Kâ€™ token
[2.867s]    36 |   } catch (const LibSerial::SerialPortError [01;31m[K&[m[Ke) {
[2.867s]       |                                             [01;31m[K^[m[K
[2.867s] [01m[K/home/roach/ros2_ws/src/robotarm_controller/src/robotarm_interface.cpp:36:44:[m[K [01;31m[Kerror: [m[Kexpected â€˜[01m[K)[m[Kâ€™ before â€˜[01m[K&[m[Kâ€™ token
[2.867s]    36 |   } catch [34m[K([m[Kconst LibSerial::SerialPortError[01;31m[K [m[K[32m[K&[m[Ke) {
[2.867s]       |           [34m[K~[m[K                                [01;31m[K^[m[K[32m[K~[m[K
[2.868s]       |                                            [32m[K)[m[K
[2.868s] [01m[K/home/roach/ros2_ws/src/robotarm_controller/src/robotarm_interface.cpp:36:45:[m[K [01;31m[Kerror: [m[Kexpected â€˜[01m[K{[m[Kâ€™ before â€˜[01m[K&[m[Kâ€™ token
[2.868s]    36 |   } catch (const LibSerial::SerialPortError [01;31m[K&[m[Ke) {
[2.868s]       |                                             [01;31m[K^[m[K
[2.870s] [01m[K/home/roach/ros2_ws/src/robotarm_controller/src/robotarm_interface.cpp:36:46:[m[K [01;31m[Kerror: [m[Kâ€˜[01m[Ke[m[Kâ€™ was not declared in this scope
[2.870s]    36 |   } catch (const LibSerial::SerialPortError &[01;31m[Ke[m[K) {
[2.870s]       |                                              [01;31m[K^[m[K
[2.874s] [01m[K/home/roach/ros2_ws/src/robotarm_controller/src/robotarm_interface.cpp:42:3:[m[K [01;31m[Kerror: [m[Kâ€˜[01m[Kposition_commands_[m[Kâ€™ was not declared in this scope; did you mean â€˜[01m[Kpositions_commands_[m[Kâ€™?
[2.874s]    42 |   [01;31m[Kposition_commands_[m[K.resize(info_.joints.size(), 0);
[2.874s]       |   [01;31m[K^~~~~~~~~~~~~~~~~~[m[K
[2.874s]       |   [32m[Kpositions_commands_[m[K
[2.877s] [01m[K/home/roach/ros2_ws/src/robotarm_controller/src/robotarm_interface.cpp:44:3:[m[K [01;31m[Kerror: [m[Kâ€˜[01m[Kprev_position_commands__[m[Kâ€™ was not declared in this scope; did you mean â€˜[01m[Kprev_position_commands_[m[Kâ€™?
[2.878s]    44 |   [01;31m[Kprev_position_commands__[m[K.resize(info_.joints.size(), 0);
[2.878s]       |   [01;31m[K^~~~~~~~~~~~~~~~~~~~~~~~[m[K
[2.878s]       |   [32m[Kprev_position_commands_[m[K
[2.879s] [01m[K/home/roach/ros2_ws/src/robotarm_controller/src/robotarm_interface.cpp:[m[K In member function â€˜[01m[Kvirtual robotarm_controller::CallbackReturn robotarm_controller::RobotArmInterface::on_deactivate(const rclcpp_lifecycle::State&)[m[Kâ€™:
[2.879s] [01m[K/home/roach/ros2_ws/src/robotarm_controller/src/robotarm_interface.cpp:64:47:[m[K [01;31m[Kerror: [m[Kexpected unqualified-id before â€˜[01m[K&[m[Kâ€™ token
[2.879s]    64 |     } catch (const LibSerial::SerialPortError [01;31m[K&[m[Ke) {
[2.879s]       |                                               [01;31m[K^[m[K
[2.879s] [01m[K/home/roach/ros2_ws/src/robotarm_controller/src/robotarm_interface.cpp:64:46:[m[K [01;31m[Kerror: [m[Kexpected â€˜[01m[K)[m[Kâ€™ before â€˜[01m[K&[m[Kâ€™ token
[2.879s]    64 |     } catch [34m[K([m[Kconst LibSerial::SerialPortError[01;31m[K [m[K[32m[K&[m[Ke) {
[2.879s]       |             [34m[K~[m[K                                [01;31m[K^[m[K[32m[K~[m[K
[2.879s]       |                                              [32m[K)[m[K
[2.879s] [01m[K/home/roach/ros2_ws/src/robotarm_controller/src/robotarm_interface.cpp:64:47:[m[K [01;31m[Kerror: [m[Kexpected â€˜[01m[K{[m[Kâ€™ before â€˜[01m[K&[m[Kâ€™ token
[2.879s]    64 |     } catch (const LibSerial::SerialPortError [01;31m[K&[m[Ke) {
[2.879s]       |                                               [01;31m[K^[m[K
[2.882s] [01m[K/home/roach/ros2_ws/src/robotarm_controller/src/robotarm_interface.cpp:64:48:[m[K [01;31m[Kerror: [m[Kâ€˜[01m[Ke[m[Kâ€™ was not declared in this scope
[2.882s]    64 |     } catch (const LibSerial::SerialPortError &[01;31m[Ke[m[K) {
[2.882s]       |                                                [01;31m[K^[m[K
[2.891s] [01m[K/home/roach/ros2_ws/src/robotarm_controller/src/robotarm_interface.cpp:[m[K In member function â€˜[01m[Kvirtual std::vector<hardware_interface::CommandInterface> robotarm_controller::RobotArmInterface::export_command_interfaces()[m[Kâ€™:
[2.891s] [01m[K/home/roach/ros2_ws/src/robotarm_controller/src/robotarm_interface.cpp:95:8:[m[K [01;31m[Kerror: [m[Kâ€˜[01m[Kposition_commands_[m[Kâ€™ was not declared in this scope; did you mean â€˜[01m[Kpositions_commands_[m[Kâ€™?
[2.892s]    95 |       &[01;31m[Kposition_commands_[m[K[i]);
[2.892s]       |        [01;31m[K^~~~~~~~~~~~~~~~~~[m[K
[2.892s]       |        [32m[Kpositions_commands_[m[K
[2.892s] [01m[K/home/roach/ros2_ws/src/robotarm_controller/src/robotarm_interface.cpp:[m[K At global scope:
[2.892s] [01m[K/home/roach/ros2_ws/src/robotarm_controller/src/robotarm_interface.cpp:100:33:[m[K [01;31m[Kerror: [m[Kno declaration matches â€˜[01m[Khardware_interface::return_type robotarm_controller::RobotArmInterface::read()[m[Kâ€™
[2.892s]   100 | hardware_interface::return_type [01;31m[KRobotArmInterface[m[K::read()
[2.892s]       |                                 [01;31m[K^~~~~~~~~~~~~~~~~[m[K
[2.892s] In file included from [01m[K/home/roach/ros2_ws/src/robotarm_controller/src/robotarm_interface.cpp:1[m[K:
[2.892s] [01m[K/home/roach/ros2_ws/src/robotarm_controller/include/robotarm_controller/robotarm_interface.hpp:31:41:[m[K [01;36m[Knote: [m[Kcandidate is: â€˜[01m[Kvirtual hardware_interface::return_type robotarm_controller::RobotArmInterface::read(const rclcpp::Time&, const rclcpp::Duration&)[m[Kâ€™
[2.892s]    31 |         hardware_interface::return_type [01;36m[Kread[m[K(const rclcpp::Time & time, const rclcpp::Duration & period) override;
[2.893s]       |                                         [01;36m[K^~~~[m[K
[2.893s] [01m[K/home/roach/ros2_ws/src/robotarm_controller/include/robotarm_controller/robotarm_interface.hpp:18:11:[m[K [01;36m[Knote: [m[Kâ€˜[01m[Kclass robotarm_controller::RobotArmInterface[m[Kâ€™ defined here
[2.893s]    18 |     class [01;36m[KRobotArmInterface[m[K : public hardware_interface::SystemInterface
[2.893s]       |           [01;36m[K^~~~~~~~~~~~~~~~~[m[K
[2.893s] [01m[K/home/roach/ros2_ws/src/robotarm_controller/src/robotarm_interface.cpp:110:33:[m[K [01;31m[Kerror: [m[Kno declaration matches â€˜[01m[Khardware_interface::return_type robotarm_controller::RobotArmInterface::write()[m[Kâ€™
[2.893s]   110 | hardware_interface::return_type [01;31m[KRobotArmInterface[m[K::write()
[2.893s]       |                                 [01;31m[K^~~~~~~~~~~~~~~~~[m[K
[2.893s] In file included from [01m[K/home/roach/ros2_ws/src/robotarm_controller/src/robotarm_interface.cpp:1[m[K:
[2.893s] [01m[K/home/roach/ros2_ws/src/robotarm_controller/include/robotarm_controller/robotarm_interface.hpp:32:41:[m[K [01;36m[Knote: [m[Kcandidate is: â€˜[01m[Kvirtual hardware_interface::return_type robotarm_controller::RobotArmInterface::write(const rclcpp::Time&, const rclcpp::Duration&)[m[Kâ€™
[2.893s]    32 |         hardware_interface::return_type [01;36m[Kwrite[m[K(const rclcpp::Time & time, const rclcpp::Duration & period) override;
[2.893s]       |                                         [01;36m[K^~~~~[m[K
[2.894s] [01m[K/home/roach/ros2_ws/src/robotarm_controller/include/robotarm_controller/robotarm_interface.hpp:18:11:[m[K [01;36m[Knote: [m[Kâ€˜[01m[Kclass robotarm_controller::RobotArmInterface[m[Kâ€™ defined here
[2.894s]    18 |     class [01;36m[KRobotArmInterface[m[K : public hardware_interface::SystemInterface
[2.894s]       |           [01;36m[K^~~~~~~~~~~~~~~~~[m[K
[3.416s] gmake[2]: *** [CMakeFiles/robotarm_controller.dir/build.make:76: CMakeFiles/robotarm_controller.dir/src/robotarm_interface.cpp.o] Error 1
[3.416s] gmake[1]: *** [CMakeFiles/Makefile2:137: CMakeFiles/robotarm_controller.dir/all] Error 2
[3.416s] gmake: *** [Makefile:146: all] Error 2
[3.419s] Invoked command in '/home/roach/ros2_ws/build/robotarm_controller' returned '2': CMAKE_PREFIX_PATH=/opt/ros/humble /usr/bin/cmake --build /home/roach/ros2_ws/build/robotarm_controller -- -j8 -l8
