[0.010s] Invoking command in '/home/roach/ros2_ws/build/robotarm_controller': CMAKE_PREFIX_PATH=/opt/ros/humble /usr/bin/cmake --build /home/roach/ros2_ws/build/robotarm_controller -- -j8 -l8
[0.039s] -- Found ament_cmake: 1.3.11 (/opt/ros/humble/share/ament_cmake/cmake)
[0.146s] -- Override CMake install command with custom implementation using symlinks instead of copying resources
[0.154s] -- Found rclcpp: 16.0.12 (/opt/ros/humble/share/rclcpp/cmake)
[0.179s] -- Found rosidl_generator_c: 3.1.6 (/opt/ros/humble/share/rosidl_generator_c/cmake)
[0.181s] -- Found rosidl_adapter: 3.1.6 (/opt/ros/humble/share/rosidl_adapter/cmake)
[0.186s] -- Found rosidl_generator_cpp: 3.1.6 (/opt/ros/humble/share/rosidl_generator_cpp/cmake)
[0.195s] -- Using all available rosidl_typesupport_c: rosidl_typesupport_fastrtps_c;rosidl_typesupport_introspection_c
[0.206s] -- Using all available rosidl_typesupport_cpp: rosidl_typesupport_fastrtps_cpp;rosidl_typesupport_introspection_cpp
[0.238s] -- Found rmw_implementation_cmake: 6.1.2 (/opt/ros/humble/share/rmw_implementation_cmake/cmake)
[0.240s] -- Found rmw_fastrtps_cpp: 6.2.7 (/opt/ros/humble/share/rmw_fastrtps_cpp/cmake)
[0.331s] -- Using RMW implementation 'rmw_fastrtps_cpp' as default
[0.378s] -- Found rclcpp_lifecycle: 16.0.12 (/opt/ros/humble/share/rclcpp_lifecycle/cmake)
[0.392s] -- Found hardware_interface: 2.49.0 (/opt/ros/humble/share/hardware_interface/cmake)
[0.510s] -- Found ament_lint_auto: 0.12.12 (/opt/ros/humble/share/ament_lint_auto/cmake)
[0.576s] -- Added test 'cppcheck' to perform static code analysis on C / C++ code
[0.576s] -- Configured cppcheck include dirs: /home/roach/ros2_ws/src/robotarm_controller/include;/home/roach/ros2_ws/src/robotarm_controller/
[0.576s] -- Configured cppcheck exclude dirs and/or files: 
[0.577s] -- Added test 'flake8' to check Python code syntax and style conventions
[0.577s] -- Added test 'lint_cmake' to check CMake code style
[0.577s] -- Added test 'pep257' to check Python code against some of the docstring style conventions in PEP 257
[0.578s] -- Added test 'uncrustify' to check C / C++ code style
[0.578s] -- Configured uncrustify additional arguments: 
[0.578s] -- Added test 'xmllint' to check XML markup files
[0.580s] -- Configuring done
[0.607s] -- Generating done
[0.613s] -- Build files have been written to: /home/roach/ros2_ws/build/robotarm_controller
[0.649s] [35m[1mConsolidate compiler generated dependencies of target robotarm_controller[0m
[0.667s] [ 50%] [32mBuilding CXX object CMakeFiles/robotarm_controller.dir/src/robotarm_interface.cpp.o[0m
[2.869s] [01m[K/home/roach/ros2_ws/src/robotarm_controller/src/robotarm_interface.cpp:[m[K In member function â€˜[01m[Kvirtual robotarm_controller::CallbackReturn robotarm_controller::RobotArmInterface::on_init(const hardware_interface::HardwareInfo&)[m[Kâ€™:
[2.869s] [01m[K/home/roach/ros2_ws/src/robotarm_controller/src/robotarm_interface.cpp:35:36:[m[K [01;31m[Kerror: [m[Kâ€˜[01m[KLibSerial::SerialStreamBuf[m[Kâ€™ has not been declared
[2.869s]    35 |     arduino.SetBaudRate(LibSerial::[01;31m[KSerialStreamBuf[m[K::BAUD_115200);
[2.869s]       |                                    [01;31m[K^~~~~~~~~~~~~~~[m[K
[2.873s] [01m[K/home/roach/ros2_ws/src/robotarm_controller/src/robotarm_interface.cpp:42:3:[m[K [01;31m[Kerror: [m[Kâ€˜[01m[Kposition_commands_[m[Kâ€™ was not declared in this scope; did you mean â€˜[01m[Kpositions_commands_[m[Kâ€™?
[2.874s]    42 |   [01;31m[Kposition_commands_[m[K.resize(info_.joints.size(), 0.0);
[2.874s]       |   [01;31m[K^~~~~~~~~~~~~~~~~~[m[K
[2.874s]       |   [32m[Kpositions_commands_[m[K
[2.878s] [01m[K/home/roach/ros2_ws/src/robotarm_controller/src/robotarm_interface.cpp:44:3:[m[K [01;31m[Kerror: [m[Kâ€˜[01m[Kprev_position_commands__[m[Kâ€™ was not declared in this scope; did you mean â€˜[01m[Kprev_position_commands_[m[Kâ€™?
[2.878s]    44 |   [01;31m[Kprev_position_commands__[m[K.resize(info_.joints.size(), 0.0);
[2.878s]       |   [01;31m[K^~~~~~~~~~~~~~~~~~~~~~~~[m[K
[2.878s]       |   [32m[Kprev_position_commands_[m[K
[2.888s] [01m[K/home/roach/ros2_ws/src/robotarm_controller/src/robotarm_interface.cpp:[m[K In member function â€˜[01m[Kvirtual std::vector<hardware_interface::CommandInterface> robotarm_controller::RobotArmInterface::export_command_interfaces()[m[Kâ€™:
[2.889s] [01m[K/home/roach/ros2_ws/src/robotarm_controller/src/robotarm_interface.cpp:95:8:[m[K [01;31m[Kerror: [m[Kâ€˜[01m[Kposition_commands_[m[Kâ€™ was not declared in this scope; did you mean â€˜[01m[Kpositions_commands_[m[Kâ€™?
[2.889s]    95 |       &[01;31m[Kposition_commands_[m[K[i]);
[2.889s]       |        [01;31m[K^~~~~~~~~~~~~~~~~~[m[K
[2.889s]       |        [32m[Kpositions_commands_[m[K
[2.889s] [01m[K/home/roach/ros2_ws/src/robotarm_controller/src/robotarm_interface.cpp:[m[K At global scope:
[2.889s] [01m[K/home/roach/ros2_ws/src/robotarm_controller/src/robotarm_interface.cpp:100:33:[m[K [01;31m[Kerror: [m[Kno declaration matches â€˜[01m[Khardware_interface::return_type robotarm_controller::RobotArmInterface::read()[m[Kâ€™
[2.889s]   100 | hardware_interface::return_type [01;31m[KRobotArmInterface[m[K::read()
[2.889s]       |                                 [01;31m[K^~~~~~~~~~~~~~~~~[m[K
[2.890s] In file included from [01m[K/home/roach/ros2_ws/src/robotarm_controller/src/robotarm_interface.cpp:1[m[K:
[2.890s] [01m[K/home/roach/ros2_ws/src/robotarm_controller/include/robotarm_controller/robotarm_interface.hpp:31:41:[m[K [01;36m[Knote: [m[Kcandidate is: â€˜[01m[Kvirtual hardware_interface::return_type robotarm_controller::RobotArmInterface::read(const rclcpp::Time&, const rclcpp::Duration&)[m[Kâ€™
[2.890s]    31 |         hardware_interface::return_type [01;36m[Kread[m[K(const rclcpp::Time & time, const rclcpp::Duration & period) override;
[2.890s]       |                                         [01;36m[K^~~~[m[K
[2.890s] [01m[K/home/roach/ros2_ws/src/robotarm_controller/include/robotarm_controller/robotarm_interface.hpp:18:11:[m[K [01;36m[Knote: [m[Kâ€˜[01m[Kclass robotarm_controller::RobotArmInterface[m[Kâ€™ defined here
[2.890s]    18 |     class [01;36m[KRobotArmInterface[m[K : public hardware_interface::SystemInterface
[2.890s]       |           [01;36m[K^~~~~~~~~~~~~~~~~[m[K
[2.890s] [01m[K/home/roach/ros2_ws/src/robotarm_controller/src/robotarm_interface.cpp:110:33:[m[K [01;31m[Kerror: [m[Kno declaration matches â€˜[01m[Khardware_interface::return_type robotarm_controller::RobotArmInterface::write()[m[Kâ€™
[2.890s]   110 | hardware_interface::return_type [01;31m[KRobotArmInterface[m[K::write()
[2.890s]       |                                 [01;31m[K^~~~~~~~~~~~~~~~~[m[K
[2.890s] In file included from [01m[K/home/roach/ros2_ws/src/robotarm_controller/src/robotarm_interface.cpp:1[m[K:
[2.890s] [01m[K/home/roach/ros2_ws/src/robotarm_controller/include/robotarm_controller/robotarm_interface.hpp:32:41:[m[K [01;36m[Knote: [m[Kcandidate is: â€˜[01m[Kvirtual hardware_interface::return_type robotarm_controller::RobotArmInterface::write(const rclcpp::Time&, const rclcpp::Duration&)[m[Kâ€™
[2.891s]    32 |         hardware_interface::return_type [01;36m[Kwrite[m[K(const rclcpp::Time & time, const rclcpp::Duration & period) override;
[2.891s]       |                                         [01;36m[K^~~~~[m[K
[2.891s] [01m[K/home/roach/ros2_ws/src/robotarm_controller/include/robotarm_controller/robotarm_interface.hpp:18:11:[m[K [01;36m[Knote: [m[Kâ€˜[01m[Kclass robotarm_controller::RobotArmInterface[m[Kâ€™ defined here
[2.891s]    18 |     class [01;36m[KRobotArmInterface[m[K : public hardware_interface::SystemInterface
[2.891s]       |           [01;36m[K^~~~~~~~~~~~~~~~~[m[K
[3.406s] gmake[2]: *** [CMakeFiles/robotarm_controller.dir/build.make:76: CMakeFiles/robotarm_controller.dir/src/robotarm_interface.cpp.o] Error 1
[3.406s] gmake[1]: *** [CMakeFiles/Makefile2:137: CMakeFiles/robotarm_controller.dir/all] Error 2
[3.406s] gmake: *** [Makefile:146: all] Error 2
[3.409s] Invoked command in '/home/roach/ros2_ws/build/robotarm_controller' returned '2': CMAKE_PREFIX_PATH=/opt/ros/humble /usr/bin/cmake --build /home/roach/ros2_ws/build/robotarm_controller -- -j8 -l8
